2021-06-29 23:41:19,338:INFO: Added key: store_based_barrier_key:1 to store for rank: 1
2021-06-29 23:41:19,341:INFO: Added key: store_based_barrier_key:1 to store for rank: 0
2021-06-30 00:33:50,685:INFO: Loading vectors from /home/tongshoujie/jupyter/TextCNN/data/glove.6B.100d.txt.pt
2021-06-30 00:36:13,266:INFO: Loading vectors from /home/tongshoujie/jupyter/TextCNN/data/glove.6B.100d.txt.pt
2021-06-30 00:37:48,063:INFO: Epoch: 1, train loss: 133.33111572265625
2021-06-30 00:37:48,442:INFO: epoch: 1, f1 score: 0.8385433554649353, dev loss: 191.3828125
2021-06-30 00:37:49,510:INFO: --------Save best model!--------
2021-06-30 00:37:58,953:INFO: Epoch: 2, train loss: 80.50567626953125
2021-06-30 00:37:59,184:INFO: epoch: 2, f1 score: 0.869993269443512, dev loss: 156.33543395996094
2021-06-30 00:38:00,470:INFO: --------Save best model!--------
2021-06-30 00:38:09,917:INFO: Epoch: 3, train loss: 61.88306427001953
2021-06-30 00:38:10,152:INFO: epoch: 3, f1 score: 0.8833571672439575, dev loss: 144.11778259277344
2021-06-30 00:38:11,570:INFO: --------Save best model!--------
2021-06-30 00:38:21,022:INFO: Epoch: 4, train loss: 49.024261474609375
2021-06-30 00:38:21,256:INFO: epoch: 4, f1 score: 0.8846315741539001, dev loss: 142.69314575195312
2021-06-30 00:38:22,379:INFO: --------Save best model!--------
2021-06-30 00:38:31,843:INFO: Epoch: 5, train loss: 42.11601257324219
2021-06-30 00:38:32,077:INFO: epoch: 5, f1 score: 0.8810722827911377, dev loss: 144.4949493408203
2021-06-30 00:38:41,537:INFO: Epoch: 6, train loss: 35.567710876464844
2021-06-30 00:38:41,784:INFO: epoch: 6, f1 score: 0.8754132986068726, dev loss: 150.7497100830078
2021-06-30 00:38:51,244:INFO: Epoch: 7, train loss: 29.279584884643555
2021-06-30 00:38:51,481:INFO: epoch: 7, f1 score: 0.8826123476028442, dev loss: 148.4723358154297
2021-06-30 00:39:01,025:INFO: Epoch: 8, train loss: 26.151676177978516
2021-06-30 00:39:01,261:INFO: epoch: 8, f1 score: 0.881269633769989, dev loss: 151.02044677734375
2021-06-30 00:39:10,775:INFO: Epoch: 9, train loss: 23.34434700012207
2021-06-30 00:39:11,010:INFO: epoch: 9, f1 score: 0.8804486393928528, dev loss: 154.06893920898438
2021-06-30 00:39:20,496:INFO: Epoch: 10, train loss: 20.79664421081543
2021-06-30 00:39:20,731:INFO: epoch: 10, f1 score: 0.8802556991577148, dev loss: 155.3688507080078
2021-06-30 00:39:30,260:INFO: Epoch: 11, train loss: 19.5357723236084
2021-06-30 00:39:30,493:INFO: epoch: 11, f1 score: 0.8798788785934448, dev loss: 157.3017120361328
2021-06-30 00:39:40,020:INFO: Epoch: 12, train loss: 18.324501037597656
2021-06-30 00:39:40,252:INFO: epoch: 12, f1 score: 0.8794552683830261, dev loss: 159.35482788085938
2021-06-30 00:39:40,252:INFO: Best val f1: 0.8846315741539001
2021-06-30 00:39:40,252:INFO: Training Finished!
2021-06-30 00:39:50,203:INFO: --------Load model from /home/tongshoujie/jupyter/TextCNN/experiments/model.pth--------
2021-06-30 00:40:08,152:INFO: final test loss: 142.235595703125, acc: 0.885025, f1 score: 0.8852922916412354, precision:0.8832390904426575, recall: 0.8873550295829773
