2021-06-30 00:54:21,987:INFO: Added key: store_based_barrier_key:1 to store for rank: 1
2021-06-30 00:54:21,997:INFO: Added key: store_based_barrier_key:1 to store for rank: 0
2021-06-30 00:55:28,062:INFO: Added key: store_based_barrier_key:1 to store for rank: 1
2021-06-30 00:55:29,036:INFO: Added key: store_based_barrier_key:1 to store for rank: 2
2021-06-30 00:55:29,039:INFO: Added key: store_based_barrier_key:1 to store for rank: 0
2021-06-30 01:58:10,728:INFO: Loading vectors from /home/tongshoujie/jupyter/TextCNN/data/glove.6B.100d.txt.pt
2021-06-30 01:59:43,479:INFO: Loading vectors from /home/tongshoujie/jupyter/TextCNN/data/glove.6B.100d.txt.pt
2021-06-30 01:59:43,775:INFO: Loading vectors from /home/tongshoujie/jupyter/TextCNN/data/glove.6B.100d.txt.pt
2021-06-30 02:13:10,510:INFO: Epoch: 1, train loss: 83.81452178955078
2021-06-30 02:13:11,852:INFO: epoch: 1, f1 score: 0.9033011794090271, dev loss: 123.92062377929688
2021-06-30 02:13:15,937:INFO: --------Save best model!--------
2021-06-30 02:14:14,101:INFO: Epoch: 2, train loss: 52.61783981323242
2021-06-30 02:14:15,022:INFO: epoch: 2, f1 score: 0.9138832688331604, dev loss: 114.27396392822266
2021-06-30 02:14:16,861:INFO: --------Save best model!--------
2021-06-30 02:15:14,307:INFO: Epoch: 3, train loss: 41.368831634521484
2021-06-30 02:15:15,202:INFO: epoch: 3, f1 score: 0.9128177165985107, dev loss: 116.57218933105469
2021-06-30 02:16:12,716:INFO: Epoch: 4, train loss: 29.137712478637695
2021-06-30 02:16:13,615:INFO: epoch: 4, f1 score: 0.9088258147239685, dev loss: 125.23197174072266
2021-06-30 02:17:11,081:INFO: Epoch: 5, train loss: 23.542844772338867
2021-06-30 02:17:11,983:INFO: epoch: 5, f1 score: 0.9029645323753357, dev loss: 139.73135375976562
2021-06-30 02:18:09,465:INFO: Epoch: 6, train loss: 19.127187728881836
2021-06-30 02:18:10,380:INFO: epoch: 6, f1 score: 0.897316038608551, dev loss: 156.53663635253906
2021-06-30 02:19:07,869:INFO: Epoch: 7, train loss: 14.594712257385254
2021-06-30 02:19:08,765:INFO: epoch: 7, f1 score: 0.8941857218742371, dev loss: 156.39443969726562
2021-06-30 02:20:06,252:INFO: Epoch: 8, train loss: 12.664915084838867
2021-06-30 02:20:07,141:INFO: epoch: 8, f1 score: 0.8928526639938354, dev loss: 163.1998291015625
2021-06-30 02:21:04,616:INFO: Epoch: 9, train loss: 11.1094970703125
2021-06-30 02:21:05,514:INFO: epoch: 9, f1 score: 0.8910511136054993, dev loss: 170.88658142089844
2021-06-30 02:22:02,987:INFO: Epoch: 10, train loss: 9.604202270507812
2021-06-30 02:22:03,907:INFO: epoch: 10, f1 score: 0.8901035785675049, dev loss: 175.33587646484375
2021-06-30 02:22:03,908:INFO: Best val f1: 0.9138832688331604
2021-06-30 02:22:03,909:INFO: Training Finished!
2021-06-30 02:23:16,129:INFO: --------Load model from /home/tongshoujie/jupyter/TextCNN/experiments/model.pth--------
2021-06-30 02:23:38,051:INFO: final test loss: 114.46100616455078, acc: 0.9110725, f1 score: 0.9125049710273743, precision:0.8980387449264526, recall: 0.9274449944496155
