training set size = 3600000

2021-06-28 13:39:29,299:INFO: device: cuda
2021-06-28 13:39:49,556:INFO: NumExpr defaulting to 2 threads.
2021-06-28 13:39:53,735:INFO: -------- Vocabulary Loaded! --------
2021-06-28 13:43:07,227:INFO: -------- Process Done! --------
2021-06-28 13:43:26,706:INFO: -------- Process Done! --------
2021-06-28 13:43:52,597:INFO: -------- Process Done! --------
2021-06-28 13:43:58,670:INFO: --------Pretrained Embedding Loaded ! (204146/1593774)--------
2021-06-28 14:01:40,978:INFO: epoch: 1, train loss: 0.2235173524085191
2021-06-28 14:02:26,873:INFO: epoch: 1, dev accuracy: 0.9319361111111111, dev loss: 0.17497775619002906
2021-06-28 14:02:29,052:INFO: --------Save best model!--------
2021-06-28 14:20:09,665:INFO: epoch: 2, train loss: 0.1479121926012574
2021-06-28 14:20:59,754:INFO: epoch: 2, dev accuracy: 0.9442444444444444, dev loss: 0.14808264031836932
2021-06-28 14:21:01,540:INFO: --------Save best model!--------
2021-06-28 14:38:42,316:INFO: epoch: 3, train loss: 0.12283415671961756
2021-06-28 14:39:27,764:INFO: epoch: 3, dev accuracy: 0.9454222222222223, dev loss: 0.14745233389972287
2021-06-28 14:39:29,357:INFO: --------Save best model!--------
2021-06-28 14:57:10,210:INFO: epoch: 4, train loss: 0.09798201203087306
2021-06-28 14:58:00,490:INFO: epoch: 4, dev accuracy: 0.9443138888888889, dev loss: 0.1581929609899155
2021-06-28 15:15:40,682:INFO: epoch: 5, train loss: 0.08528833424593035
2021-06-28 15:16:26,565:INFO: epoch: 5, dev accuracy: 0.9430138888888889, dev loss: 0.17377700906416232
2021-06-28 15:34:07,578:INFO: epoch: 6, train loss: 0.07358813911976549
2021-06-28 15:34:53,416:INFO: epoch: 6, dev accuracy: 0.9406083333333334, dev loss: 0.1963904385920614
2021-06-28 15:52:34,049:INFO: epoch: 7, train loss: 0.059875991207946205
2021-06-28 15:53:24,530:INFO: epoch: 7, dev accuracy: 0.9400527777777777, dev loss: 0.221426737960428
2021-06-28 16:11:05,164:INFO: epoch: 8, train loss: 0.0522597883087193
2021-06-28 16:11:51,106:INFO: epoch: 8, dev accuracy: 0.938175, dev loss: 0.24888870484110984
2021-06-28 16:29:32,101:INFO: epoch: 9, train loss: 0.04604011061549846
2021-06-28 16:30:22,653:INFO: epoch: 9, dev accuracy: 0.9373416666666666, dev loss: 0.27448093895377085
2021-06-28 16:48:04,719:INFO: epoch: 10, train loss: 0.039103982896076174
2021-06-28 16:48:50,530:INFO: epoch: 10, dev accuracy: 0.936675, dev loss: 0.30860490851442923
2021-06-28 17:06:34,916:INFO: epoch: 11, train loss: 0.03520734756530261
2021-06-28 17:07:25,369:INFO: epoch: 11, dev accuracy: 0.9367361111111111, dev loss: 0.3300676283595914
2021-06-28 17:07:25,370:INFO: Best val f1: 0.9454222222222223
2021-06-28 17:07:25,376:INFO: Training Finished!
2021-06-28 17:08:16,066:INFO: test accuracy: 0.9361675, test loss: 0.3289628995730139



training set size = 60000

2021-06-29 08:42:05,986:INFO: device: cuda
2021-06-29 08:42:29,145:INFO: NumExpr defaulting to 2 threads.
2021-06-29 08:42:56,610:INFO: -------- Vocabulary Build! --------
2021-06-29 08:43:00,213:INFO: -------- Process Done! --------
2021-06-29 08:43:00,550:INFO: -------- Process Done! --------
2021-06-29 08:43:23,780:INFO: -------- Process Done! --------
2021-06-29 08:43:29,177:INFO: --------Pretrained Embedding Loaded ! (121987/369745)--------
2021-06-29 08:43:50,492:INFO: epoch: 1, train loss: 0.6560721264945136
2021-06-29 08:43:51,132:INFO: epoch: 1, dev accuracy: 0.6718333333333333, dev loss: 0.6216961741447449
2021-06-29 08:43:54,932:INFO: --------Save best model!--------
2021-06-29 08:44:09,727:INFO: epoch: 2, train loss: 0.5366516786592977
2021-06-29 08:44:10,384:INFO: epoch: 2, dev accuracy: 0.7211666666666666, dev loss: 0.5771687229474386
2021-06-29 08:44:10,657:INFO: --------Save best model!--------
2021-06-29 08:44:25,548:INFO: epoch: 3, train loss: 0.4709625509050157
2021-06-29 08:44:26,187:INFO: epoch: 3, dev accuracy: 0.805, dev loss: 0.4303956826527913
2021-06-29 08:44:26,458:INFO: --------Save best model!--------
2021-06-29 08:44:41,319:INFO: epoch: 4, train loss: 0.40113949886074773
2021-06-29 08:44:41,966:INFO: epoch: 4, dev accuracy: 0.811, dev loss: 0.4145451585451762
2021-06-29 08:44:42,258:INFO: --------Save best model!--------
2021-06-29 08:44:57,170:INFO: epoch: 5, train loss: 0.3756922373065242
2021-06-29 08:44:57,824:INFO: epoch: 5, dev accuracy: 0.8241666666666667, dev loss: 0.4033585985501607
2021-06-29 08:44:58,098:INFO: --------Save best model!--------
2021-06-29 08:45:12,949:INFO: epoch: 6, train loss: 0.3554189812254023
2021-06-29 08:45:13,588:INFO: epoch: 6, dev accuracy: 0.828, dev loss: 0.38909535606702167
2021-06-29 08:45:13,868:INFO: --------Save best model!--------
2021-06-29 08:45:28,775:INFO: epoch: 7, train loss: 0.3350383562070352
2021-06-29 08:45:29,434:INFO: epoch: 7, dev accuracy: 0.836, dev loss: 0.36944107214609784
2021-06-29 08:45:29,702:INFO: --------Save best model!--------
2021-06-29 08:45:44,548:INFO: epoch: 8, train loss: 0.3200874052665852
2021-06-29 08:45:45,191:INFO: epoch: 8, dev accuracy: 0.8408333333333333, dev loss: 0.36295684178670246
2021-06-29 08:45:45,480:INFO: --------Save best model!--------
2021-06-29 08:46:00,359:INFO: epoch: 9, train loss: 0.31020525484173384
2021-06-29 08:46:01,004:INFO: epoch: 9, dev accuracy: 0.8441666666666666, dev loss: 0.35519422094027203
2021-06-29 08:46:01,278:INFO: --------Save best model!--------
2021-06-29 08:46:16,161:INFO: epoch: 10, train loss: 0.2986825621790356
2021-06-29 08:46:17,411:INFO: epoch: 10, dev accuracy: 0.8466666666666667, dev loss: 0.35107317566871643
2021-06-29 08:46:17,685:INFO: --------Save best model!--------
2021-06-29 08:46:17,699:INFO: Best val f1: 0.8466666666666667
2021-06-29 08:46:17,701:INFO: Training Finished!
2021-06-29 08:47:01,799:INFO: test accuracy: 0.8384975, test loss: 0.3715148306622797



training set size = 360000

2021-06-29 08:51:23,388:INFO: device: cuda
2021-06-29 08:51:44,530:INFO: NumExpr defaulting to 2 threads.
2021-06-29 08:52:21,428:INFO: -------- Vocabulary Build! --------
2021-06-29 08:52:41,688:INFO: -------- Process Done! --------
2021-06-29 08:52:43,709:INFO: -------- Process Done! --------
2021-06-29 08:53:07,605:INFO: -------- Process Done! --------
2021-06-29 08:53:11,975:INFO: --------Pretrained Embedding Loaded ! (138768/512383)--------
2021-06-29 08:54:43,950:INFO: epoch: 1, train loss: 0.47586965898297867
2021-06-29 08:54:47,772:INFO: epoch: 1, dev accuracy: 0.8523888888888889, dev loss: 0.3447136746512519
2021-06-29 08:54:48,266:INFO: --------Save best model!--------
2021-06-29 08:56:17,110:INFO: epoch: 2, train loss: 0.2951262648562965
2021-06-29 08:56:20,948:INFO: epoch: 2, dev accuracy: 0.8911388888888889, dev loss: 0.2720654375023312
2021-06-29 08:56:21,376:INFO: --------Save best model!--------
2021-06-29 08:57:50,177:INFO: epoch: 3, train loss: 0.24308775056083248
2021-06-29 08:57:54,979:INFO: epoch: 3, dev accuracy: 0.8920555555555556, dev loss: 0.26755119529035354
2021-06-29 08:57:55,399:INFO: --------Save best model!--------
2021-06-29 08:59:24,214:INFO: epoch: 4, train loss: 0.20669409895093185
2021-06-29 08:59:28,091:INFO: epoch: 4, dev accuracy: 0.9031944444444444, dev loss: 0.24382496956321928
2021-06-29 08:59:28,501:INFO: --------Save best model!--------
2021-06-29 09:00:57,413:INFO: epoch: 5, train loss: 0.1919496016776037
2021-06-29 09:01:01,295:INFO: epoch: 5, dev accuracy: 0.9076111111111111, dev loss: 0.23693921582566368
2021-06-29 09:01:01,681:INFO: --------Save best model!--------
2021-06-29 09:02:30,410:INFO: epoch: 6, train loss: 0.17731051624945873
2021-06-29 09:02:34,266:INFO: epoch: 6, dev accuracy: 0.9093611111111111, dev loss: 0.2353095677163866
2021-06-29 09:02:34,665:INFO: --------Save best model!--------
2021-06-29 09:04:03,388:INFO: epoch: 7, train loss: 0.16197739653992202
2021-06-29 09:04:07,305:INFO: epoch: 7, dev accuracy: 0.9109166666666667, dev loss: 0.24024635387791526
2021-06-29 09:04:07,688:INFO: --------Save best model!--------
2021-06-29 09:05:37,605:INFO: epoch: 8, train loss: 0.15411680055864202
2021-06-29 09:05:41,453:INFO: epoch: 8, dev accuracy: 0.9101388888888889, dev loss: 0.244281444284651
2021-06-29 09:07:10,303:INFO: epoch: 9, train loss: 0.14747041004633754
2021-06-29 09:07:14,130:INFO: epoch: 9, dev accuracy: 0.9089444444444444, dev loss: 0.24924672726127836
2021-06-29 09:08:42,954:INFO: epoch: 10, train loss: 0.13940748256051316
2021-06-29 09:08:46,802:INFO: epoch: 10, dev accuracy: 0.9086388888888889, dev loss: 0.24910959684186512
2021-06-29 09:08:46,807:INFO: Best val f1: 0.9109166666666667
2021-06-29 09:08:46,808:INFO: Training Finished!
2021-06-29 09:09:31,841:INFO: test accuracy: 0.904345, test loss: 0.2588477315647261
